<?xml version="1.0" encoding="UTF-8"?>
<!-- Generated by org.testng.reporters.JUnitXMLReporter -->
<testsuite ignored="0" hostname="LTIN438577" failures="0" tests="2" name="Default test" time="11.285" errors="0" timestamp="2024-09-30T13:01:25 IST">
  <testcase classname="swaglabs.ai.tests.validateHomePageTest" name="validateOfAddSauceLabsBackPackIntoCartFromHomePageTest" time="3.376"/>
  <testcase classname="swaglabs.ai.tests.validateHomePageTest" name="validateUserLandedInSwagLabsHomePage" time="0.373"/>
</testsuite> <!-- Default test -->
