<?xml version="1.0" encoding="UTF-8"?>
<testng-results ignored="0" total="2" passed="2" failed="0" skipped="0">
  <reporter-output>
  </reporter-output>
  <suite started-at="2024-09-29T23:25:35 IST" name="Default suite" finished-at="2024-09-29T23:25:44 IST" duration-ms="8862">
    <groups>
    </groups>
    <test started-at="2024-09-29T23:25:35 IST" name="Default test" finished-at="2024-09-29T23:25:44 IST" duration-ms="8862">
      <class name="swaglabs.ai.tests.validateHomePageTest">
        <test-method is-config="true" signature="initializeDriver()[pri:0, instance:swaglabs.ai.tests.validateHomePageTest@4fb0f2b9]" started-at="2024-09-29T23:25:35 IST" name="initializeDriver" finished-at="2024-09-29T23:25:39 IST" duration-ms="4257" status="PASS">
          <reporter-output>
          </reporter-output>
        </test-method> <!-- initializeDriver -->
        <test-method signature="validateOfAddSauceLabsBackPackIntoCartFromHomePageTest()[pri:0, instance:swaglabs.ai.tests.validateHomePageTest@4fb0f2b9]" started-at="2024-09-29T23:25:39 IST" name="validateOfAddSauceLabsBackPackIntoCartFromHomePageTest" finished-at="2024-09-29T23:25:42 IST" duration-ms="2983" status="PASS">
          <reporter-output>
          </reporter-output>
        </test-method> <!-- validateOfAddSauceLabsBackPackIntoCartFromHomePageTest -->
        <test-method signature="validateUserLandedInSwagLabsHomePage()[pri:0, instance:swaglabs.ai.tests.validateHomePageTest@4fb0f2b9]" started-at="2024-09-29T23:25:42 IST" name="validateUserLandedInSwagLabsHomePage" finished-at="2024-09-29T23:25:42 IST" duration-ms="377" status="PASS">
          <reporter-output>
          </reporter-output>
        </test-method> <!-- validateUserLandedInSwagLabsHomePage -->
        <test-method is-config="true" signature="tearDown()[pri:0, instance:swaglabs.ai.tests.validateHomePageTest@4fb0f2b9]" started-at="2024-09-29T23:25:42 IST" name="tearDown" finished-at="2024-09-29T23:25:44 IST" duration-ms="1192" status="PASS">
          <reporter-output>
          </reporter-output>
        </test-method> <!-- tearDown -->
      </class> <!-- swaglabs.ai.tests.validateHomePageTest -->
    </test> <!-- Default test -->
  </suite> <!-- Default suite -->
</testng-results>
